[20-Apr-2026 19:53:17 Europe/Berlin] PHP Fatal error:  Cannot redeclare getCurrentUser() (previously declared in D:\xmaap\htdocs\carbazar\backend\config\db.php:46) in D:\xmaap\htdocs\carbazar\backend\config\db.php on line 46
[20-Apr-2026 19:53:20 Europe/Berlin] PHP Fatal error:  Cannot redeclare getCurrentUser() (previously declared in D:\xmaap\htdocs\carbazar\backend\config\db.php:46) in D:\xmaap\htdocs\carbazar\backend\config\db.php on line 46
[20-Apr-2026 19:53:21 Europe/Berlin] PHP Fatal error:  Cannot redeclare getCurrentUser() (previously declared in D:\xmaap\htdocs\carbazar\backend\config\db.php:46) in D:\xmaap\htdocs\carbazar\backend\config\db.php on line 46
[20-Apr-2026 19:53:21 Europe/Berlin] PHP Fatal error:  Cannot redeclare getCurrentUser() (previously declared in D:\xmaap\htdocs\carbazar\backend\config\db.php:46) in D:\xmaap\htdocs\carbazar\backend\config\db.php on line 46
[20-Apr-2026 19:53:22 Europe/Berlin] PHP Fatal error:  Cannot redeclare getCurrentUser() (previously declared in D:\xmaap\htdocs\carbazar\backend\config\db.php:46) in D:\xmaap\htdocs\carbazar\backend\config\db.php on line 46
[20-Apr-2026 19:53:22 Europe/Berlin] PHP Fatal error:  Cannot redeclare getCurrentUser() (previously declared in D:\xmaap\htdocs\carbazar\backend\config\db.php:46) in D:\xmaap\htdocs\carbazar\backend\config\db.php on line 46
[29-Apr-2026 08:59:20 Europe/Berlin] PHP Warning:  Undefined array key "user_type" in D:\xmaap\htdocs\carbazarindex\test_connection.php on line 48
[29-Apr-2026 09:11:27 Europe/Berlin] PHP Fatal error:  Uncaught mysqli_sql_exception: Table 'carbazar.cars' doesn't exist in D:\xmaap\htdocs\carbazarindex\index.php:233
Stack trace:
#0 D:\xmaap\htdocs\carbazarindex\index.php(233): mysqli->query('SELECT * FROM c...')
#1 {main}
  thrown in D:\xmaap\htdocs\carbazarindex\index.php on line 233
[29-Apr-2026 09:11:42 Europe/Berlin] PHP Fatal error:  Uncaught mysqli_sql_exception: Table 'carbazar.cars' doesn't exist in D:\xmaap\htdocs\carbazarindex\index.php:233
Stack trace:
#0 D:\xmaap\htdocs\carbazarindex\index.php(233): mysqli->query('SELECT * FROM c...')
#1 {main}
  thrown in D:\xmaap\htdocs\carbazarindex\index.php on line 233
[29-Apr-2026 09:16:14 Europe/Berlin] PHP Fatal error:  Uncaught mysqli_sql_exception: Table 'carbazar.cars' doesn't exist in D:\xmaap\htdocs\carbazarindex\index.php:233
Stack trace:
#0 D:\xmaap\htdocs\carbazarindex\index.php(233): mysqli->query('SELECT * FROM c...')
#1 {main}
  thrown in D:\xmaap\htdocs\carbazarindex\index.php on line 233
[29-Apr-2026 09:21:11 Europe/Berlin] PHP Fatal error:  Uncaught mysqli_sql_exception: Table 'carbazar.cars' doesn't exist in D:\xmaap\htdocs\carbazarindex\index.php:233
Stack trace:
#0 D:\xmaap\htdocs\carbazarindex\index.php(233): mysqli->query('SELECT * FROM c...')
#1 {main}
  thrown in D:\xmaap\htdocs\carbazarindex\index.php on line 233
[29-Apr-2026 09:23:45 Europe/Berlin] PHP Fatal error:  Uncaught mysqli_sql_exception: Table 'carbazar.cars' doesn't exist in D:\xmaap\htdocs\carbazarindex\index.php:233
Stack trace:
#0 D:\xmaap\htdocs\carbazarindex\index.php(233): mysqli->query('SELECT * FROM c...')
#1 {main}
  thrown in D:\xmaap\htdocs\carbazarindex\index.php on line 233
[29-Apr-2026 09:23:52 Europe/Berlin] PHP Fatal error:  Uncaught mysqli_sql_exception: Table 'carbazar.cars' doesn't exist in D:\xmaap\htdocs\carbazarindex\index.php:233
Stack trace:
#0 D:\xmaap\htdocs\carbazarindex\index.php(233): mysqli->query('SELECT * FROM c...')
#1 {main}
  thrown in D:\xmaap\htdocs\carbazarindex\index.php on line 233
[29-Apr-2026 09:38:49 Europe/Berlin] PHP Fatal error:  Uncaught mysqli_sql_exception: Table 'carbazar.cars' doesn't exist in D:\xmaap\htdocs\carbazarindex\index.php:233
Stack trace:
#0 D:\xmaap\htdocs\carbazarindex\index.php(233): mysqli->query('SELECT * FROM c...')
#1 {main}
  thrown in D:\xmaap\htdocs\carbazarindex\index.php on line 233
[29-Apr-2026 09:38:50 Europe/Berlin] PHP Fatal error:  Uncaught mysqli_sql_exception: Table 'carbazar.cars' doesn't exist in D:\xmaap\htdocs\carbazarindex\index.php:233
Stack trace:
#0 D:\xmaap\htdocs\carbazarindex\index.php(233): mysqli->query('SELECT * FROM c...')
#1 {main}
  thrown in D:\xmaap\htdocs\carbazarindex\index.php on line 233
[29-Apr-2026 19:00:33 Europe/Berlin] PHP Fatal error:  Uncaught mysqli_sql_exception: Table 'carbazar.cars' doesn't exist in D:\xmaap\htdocs\carbazar\index.php:8
Stack trace:
#0 D:\xmaap\htdocs\carbazar\index.php(8): mysqli->query('\r\n    SELECT c....')
#1 {main}
  thrown in D:\xmaap\htdocs\carbazar\index.php on line 8
[29-Apr-2026 19:00:36 Europe/Berlin] PHP Fatal error:  Uncaught mysqli_sql_exception: Table 'carbazar.cars' doesn't exist in D:\xmaap\htdocs\carbazar\index.php:8
Stack trace:
#0 D:\xmaap\htdocs\carbazar\index.php(8): mysqli->query('\r\n    SELECT c....')
#1 {main}
  thrown in D:\xmaap\htdocs\carbazar\index.php on line 8
[29-Apr-2026 19:00:37 Europe/Berlin] PHP Fatal error:  Uncaught mysqli_sql_exception: Table 'carbazar.cars' doesn't exist in D:\xmaap\htdocs\carbazar\index.php:8
Stack trace:
#0 D:\xmaap\htdocs\carbazar\index.php(8): mysqli->query('\r\n    SELECT c....')
#1 {main}
  thrown in D:\xmaap\htdocs\carbazar\index.php on line 8
[29-Apr-2026 19:00:38 Europe/Berlin] PHP Fatal error:  Uncaught mysqli_sql_exception: Table 'carbazar.cars' doesn't exist in D:\xmaap\htdocs\carbazar\index.php:8
Stack trace:
#0 D:\xmaap\htdocs\carbazar\index.php(8): mysqli->query('\r\n    SELECT c....')
#1 {main}
  thrown in D:\xmaap\htdocs\carbazar\index.php on line 8
[29-Apr-2026 19:00:52 Europe/Berlin] PHP Fatal error:  Uncaught mysqli_sql_exception: Table 'carbazar.cars' doesn't exist in D:\xmaap\htdocs\carbazar\index.php:8
Stack trace:
#0 D:\xmaap\htdocs\carbazar\index.php(8): mysqli->query('\r\n    SELECT c....')
#1 {main}
  thrown in D:\xmaap\htdocs\carbazar\index.php on line 8
[29-Apr-2026 19:02:46 Europe/Berlin] PHP Fatal error:  Uncaught mysqli_sql_exception: Table 'carbazar.cars' doesn't exist in D:\xmaap\htdocs\carbazar\index.php:8
Stack trace:
#0 D:\xmaap\htdocs\carbazar\index.php(8): mysqli->query('\r\n    SELECT c....')
#1 {main}
  thrown in D:\xmaap\htdocs\carbazar\index.php on line 8
[29-Apr-2026 19:02:49 Europe/Berlin] PHP Fatal error:  Uncaught mysqli_sql_exception: Table 'carbazar.cars' doesn't exist in D:\xmaap\htdocs\carbazar\index.php:8
Stack trace:
#0 D:\xmaap\htdocs\carbazar\index.php(8): mysqli->query('\r\n    SELECT c....')
#1 {main}
  thrown in D:\xmaap\htdocs\carbazar\index.php on line 8
[29-Apr-2026 19:02:50 Europe/Berlin] PHP Fatal error:  Uncaught mysqli_sql_exception: Table 'carbazar.cars' doesn't exist in D:\xmaap\htdocs\carbazar\index.php:8
Stack trace:
#0 D:\xmaap\htdocs\carbazar\index.php(8): mysqli->query('\r\n    SELECT c....')
#1 {main}
  thrown in D:\xmaap\htdocs\carbazar\index.php on line 8
[29-Apr-2026 19:03:45 Europe/Berlin] PHP Fatal error:  Uncaught mysqli_sql_exception: Table 'carbazar.cars' doesn't exist in D:\xmaap\htdocs\carbazar\index.php:8
Stack trace:
#0 D:\xmaap\htdocs\carbazar\index.php(8): mysqli->query('\r\n    SELECT c....')
#1 {main}
  thrown in D:\xmaap\htdocs\carbazar\index.php on line 8
[29-Apr-2026 19:03:46 Europe/Berlin] PHP Fatal error:  Uncaught mysqli_sql_exception: Table 'carbazar.cars' doesn't exist in D:\xmaap\htdocs\carbazar\index.php:8
Stack trace:
#0 D:\xmaap\htdocs\carbazar\index.php(8): mysqli->query('\r\n    SELECT c....')
#1 {main}
  thrown in D:\xmaap\htdocs\carbazar\index.php on line 8
[29-Apr-2026 19:03:46 Europe/Berlin] PHP Fatal error:  Uncaught mysqli_sql_exception: Table 'carbazar.cars' doesn't exist in D:\xmaap\htdocs\carbazar\index.php:8
Stack trace:
#0 D:\xmaap\htdocs\carbazar\index.php(8): mysqli->query('\r\n    SELECT c....')
#1 {main}
  thrown in D:\xmaap\htdocs\carbazar\index.php on line 8
[29-Apr-2026 19:03:46 Europe/Berlin] PHP Fatal error:  Uncaught mysqli_sql_exception: Table 'carbazar.cars' doesn't exist in D:\xmaap\htdocs\carbazar\index.php:8
Stack trace:
#0 D:\xmaap\htdocs\carbazar\index.php(8): mysqli->query('\r\n    SELECT c....')
#1 {main}
  thrown in D:\xmaap\htdocs\carbazar\index.php on line 8
[29-Apr-2026 19:03:47 Europe/Berlin] PHP Fatal error:  Uncaught mysqli_sql_exception: Table 'carbazar.cars' doesn't exist in D:\xmaap\htdocs\carbazar\index.php:8
Stack trace:
#0 D:\xmaap\htdocs\carbazar\index.php(8): mysqli->query('\r\n    SELECT c....')
#1 {main}
  thrown in D:\xmaap\htdocs\carbazar\index.php on line 8
[29-Apr-2026 19:03:47 Europe/Berlin] PHP Fatal error:  Uncaught mysqli_sql_exception: Table 'carbazar.cars' doesn't exist in D:\xmaap\htdocs\carbazar\index.php:8
Stack trace:
#0 D:\xmaap\htdocs\carbazar\index.php(8): mysqli->query('\r\n    SELECT c....')
#1 {main}
  thrown in D:\xmaap\htdocs\carbazar\index.php on line 8
[29-Apr-2026 19:03:47 Europe/Berlin] PHP Fatal error:  Uncaught mysqli_sql_exception: Table 'carbazar.cars' doesn't exist in D:\xmaap\htdocs\carbazar\index.php:8
Stack trace:
#0 D:\xmaap\htdocs\carbazar\index.php(8): mysqli->query('\r\n    SELECT c....')
#1 {main}
  thrown in D:\xmaap\htdocs\carbazar\index.php on line 8
[29-Apr-2026 19:03:47 Europe/Berlin] PHP Fatal error:  Uncaught mysqli_sql_exception: Table 'carbazar.cars' doesn't exist in D:\xmaap\htdocs\carbazar\index.php:8
Stack trace:
#0 D:\xmaap\htdocs\carbazar\index.php(8): mysqli->query('\r\n    SELECT c....')
#1 {main}
  thrown in D:\xmaap\htdocs\carbazar\index.php on line 8
[29-Apr-2026 19:03:47 Europe/Berlin] PHP Fatal error:  Uncaught mysqli_sql_exception: Table 'carbazar.cars' doesn't exist in D:\xmaap\htdocs\carbazar\index.php:8
Stack trace:
#0 D:\xmaap\htdocs\carbazar\index.php(8): mysqli->query('\r\n    SELECT c....')
#1 {main}
  thrown in D:\xmaap\htdocs\carbazar\index.php on line 8
[29-Apr-2026 19:03:49 Europe/Berlin] PHP Fatal error:  Uncaught mysqli_sql_exception: Table 'carbazar.cars' doesn't exist in D:\xmaap\htdocs\carbazar\index.php:8
Stack trace:
#0 D:\xmaap\htdocs\carbazar\index.php(8): mysqli->query('\r\n    SELECT c....')
#1 {main}
  thrown in D:\xmaap\htdocs\carbazar\index.php on line 8
[29-Apr-2026 19:03:49 Europe/Berlin] PHP Fatal error:  Uncaught mysqli_sql_exception: Table 'carbazar.cars' doesn't exist in D:\xmaap\htdocs\carbazar\index.php:8
Stack trace:
#0 D:\xmaap\htdocs\carbazar\index.php(8): mysqli->query('\r\n    SELECT c....')
#1 {main}
  thrown in D:\xmaap\htdocs\carbazar\index.php on line 8
[29-Apr-2026 19:03:50 Europe/Berlin] PHP Fatal error:  Uncaught mysqli_sql_exception: Table 'carbazar.cars' doesn't exist in D:\xmaap\htdocs\carbazar\index.php:8
Stack trace:
#0 D:\xmaap\htdocs\carbazar\index.php(8): mysqli->query('\r\n    SELECT c....')
#1 {main}
  thrown in D:\xmaap\htdocs\carbazar\index.php on line 8
[29-Apr-2026 19:03:50 Europe/Berlin] PHP Fatal error:  Uncaught mysqli_sql_exception: Table 'carbazar.cars' doesn't exist in D:\xmaap\htdocs\carbazar\index.php:8
Stack trace:
#0 D:\xmaap\htdocs\carbazar\index.php(8): mysqli->query('\r\n    SELECT c....')
#1 {main}
  thrown in D:\xmaap\htdocs\carbazar\index.php on line 8
[29-Apr-2026 19:03:50 Europe/Berlin] PHP Fatal error:  Uncaught mysqli_sql_exception: Table 'carbazar.cars' doesn't exist in D:\xmaap\htdocs\carbazar\index.php:8
Stack trace:
#0 D:\xmaap\htdocs\carbazar\index.php(8): mysqli->query('\r\n    SELECT c....')
#1 {main}
  thrown in D:\xmaap\htdocs\carbazar\index.php on line 8
[29-Apr-2026 19:03:50 Europe/Berlin] PHP Fatal error:  Uncaught mysqli_sql_exception: Table 'carbazar.cars' doesn't exist in D:\xmaap\htdocs\carbazar\index.php:8
Stack trace:
#0 D:\xmaap\htdocs\carbazar\index.php(8): mysqli->query('\r\n    SELECT c....')
#1 {main}
  thrown in D:\xmaap\htdocs\carbazar\index.php on line 8
[29-Apr-2026 19:03:50 Europe/Berlin] PHP Fatal error:  Uncaught mysqli_sql_exception: Table 'carbazar.cars' doesn't exist in D:\xmaap\htdocs\carbazar\index.php:8
Stack trace:
#0 D:\xmaap\htdocs\carbazar\index.php(8): mysqli->query('\r\n    SELECT c....')
#1 {main}
  thrown in D:\xmaap\htdocs\carbazar\index.php on line 8
[29-Apr-2026 19:03:51 Europe/Berlin] PHP Fatal error:  Uncaught mysqli_sql_exception: Table 'carbazar.cars' doesn't exist in D:\xmaap\htdocs\carbazar\index.php:8
Stack trace:
#0 D:\xmaap\htdocs\carbazar\index.php(8): mysqli->query('\r\n    SELECT c....')
#1 {main}
  thrown in D:\xmaap\htdocs\carbazar\index.php on line 8
[29-Apr-2026 19:04:23 Europe/Berlin] PHP Fatal error:  Uncaught mysqli_sql_exception: Table 'carbazar.cars' doesn't exist in D:\xmaap\htdocs\carbazar\index.php:8
Stack trace:
#0 D:\xmaap\htdocs\carbazar\index.php(8): mysqli->query('\r\n    SELECT c....')
#1 {main}
  thrown in D:\xmaap\htdocs\carbazar\index.php on line 8
[29-Apr-2026 19:04:24 Europe/Berlin] PHP Fatal error:  Uncaught mysqli_sql_exception: Table 'carbazar.cars' doesn't exist in D:\xmaap\htdocs\carbazar\index.php:8
Stack trace:
#0 D:\xmaap\htdocs\carbazar\index.php(8): mysqli->query('\r\n    SELECT c....')
#1 {main}
  thrown in D:\xmaap\htdocs\carbazar\index.php on line 8
[29-Apr-2026 19:07:00 Europe/Berlin] PHP Fatal error:  Uncaught mysqli_sql_exception: Table 'carbazar.cars' doesn't exist in D:\xmaap\htdocs\carbazar\index.php:8
Stack trace:
#0 D:\xmaap\htdocs\carbazar\index.php(8): mysqli->query('\r\n    SELECT c....')
#1 {main}
  thrown in D:\xmaap\htdocs\carbazar\index.php on line 8
[29-Apr-2026 19:07:02 Europe/Berlin] PHP Fatal error:  Uncaught mysqli_sql_exception: Table 'carbazar.cars' doesn't exist in D:\xmaap\htdocs\carbazar\index.php:8
Stack trace:
#0 D:\xmaap\htdocs\carbazar\index.php(8): mysqli->query('\r\n    SELECT c....')
#1 {main}
  thrown in D:\xmaap\htdocs\carbazar\index.php on line 8
[29-Apr-2026 19:07:03 Europe/Berlin] PHP Fatal error:  Uncaught mysqli_sql_exception: Table 'carbazar.cars' doesn't exist in D:\xmaap\htdocs\carbazar\index.php:8
Stack trace:
#0 D:\xmaap\htdocs\carbazar\index.php(8): mysqli->query('\r\n    SELECT c....')
#1 {main}
  thrown in D:\xmaap\htdocs\carbazar\index.php on line 8
[29-Apr-2026 19:07:04 Europe/Berlin] PHP Fatal error:  Uncaught mysqli_sql_exception: Table 'carbazar.cars' doesn't exist in D:\xmaap\htdocs\carbazar\index.php:8
Stack trace:
#0 D:\xmaap\htdocs\carbazar\index.php(8): mysqli->query('\r\n    SELECT c....')
#1 {main}
  thrown in D:\xmaap\htdocs\carbazar\index.php on line 8
[29-Apr-2026 19:07:04 Europe/Berlin] PHP Fatal error:  Uncaught mysqli_sql_exception: Table 'carbazar.cars' doesn't exist in D:\xmaap\htdocs\carbazar\index.php:8
Stack trace:
#0 D:\xmaap\htdocs\carbazar\index.php(8): mysqli->query('\r\n    SELECT c....')
#1 {main}
  thrown in D:\xmaap\htdocs\carbazar\index.php on line 8
[29-Apr-2026 19:07:04 Europe/Berlin] PHP Fatal error:  Uncaught mysqli_sql_exception: Table 'carbazar.cars' doesn't exist in D:\xmaap\htdocs\carbazar\index.php:8
Stack trace:
#0 D:\xmaap\htdocs\carbazar\index.php(8): mysqli->query('\r\n    SELECT c....')
#1 {main}
  thrown in D:\xmaap\htdocs\carbazar\index.php on line 8
[29-Apr-2026 19:07:05 Europe/Berlin] PHP Fatal error:  Uncaught mysqli_sql_exception: Table 'carbazar.cars' doesn't exist in D:\xmaap\htdocs\carbazar\index.php:8
Stack trace:
#0 D:\xmaap\htdocs\carbazar\index.php(8): mysqli->query('\r\n    SELECT c....')
#1 {main}
  thrown in D:\xmaap\htdocs\carbazar\index.php on line 8
[29-Apr-2026 19:07:05 Europe/Berlin] PHP Fatal error:  Uncaught mysqli_sql_exception: Table 'carbazar.cars' doesn't exist in D:\xmaap\htdocs\carbazar\index.php:8
Stack trace:
#0 D:\xmaap\htdocs\carbazar\index.php(8): mysqli->query('\r\n    SELECT c....')
#1 {main}
  thrown in D:\xmaap\htdocs\carbazar\index.php on line 8
[29-Apr-2026 19:07:05 Europe/Berlin] PHP Fatal error:  Uncaught mysqli_sql_exception: Table 'carbazar.cars' doesn't exist in D:\xmaap\htdocs\carbazar\index.php:8
Stack trace:
#0 D:\xmaap\htdocs\carbazar\index.php(8): mysqli->query('\r\n    SELECT c....')
#1 {main}
  thrown in D:\xmaap\htdocs\carbazar\index.php on line 8
[29-Apr-2026 19:07:23 Europe/Berlin] PHP Fatal error:  Uncaught mysqli_sql_exception: Table 'carbazar.cars' doesn't exist in D:\xmaap\htdocs\carbazar\index.php:8
Stack trace:
#0 D:\xmaap\htdocs\carbazar\index.php(8): mysqli->query('\r\n    SELECT c....')
#1 {main}
  thrown in D:\xmaap\htdocs\carbazar\index.php on line 8
[29-Apr-2026 19:07:27 Europe/Berlin] PHP Fatal error:  Uncaught mysqli_sql_exception: Table 'carbazar.cars' doesn't exist in D:\xmaap\htdocs\carbazar\index.php:8
Stack trace:
#0 D:\xmaap\htdocs\carbazar\index.php(8): mysqli->query('\r\n    SELECT c....')
#1 {main}
  thrown in D:\xmaap\htdocs\carbazar\index.php on line 8
[29-Apr-2026 19:07:29 Europe/Berlin] PHP Fatal error:  Uncaught mysqli_sql_exception: Table 'carbazar.cars' doesn't exist in D:\xmaap\htdocs\carbazar\index.php:8
Stack trace:
#0 D:\xmaap\htdocs\carbazar\index.php(8): mysqli->query('\r\n    SELECT c....')
#1 {main}
  thrown in D:\xmaap\htdocs\carbazar\index.php on line 8
[29-Apr-2026 19:07:30 Europe/Berlin] PHP Fatal error:  Uncaught mysqli_sql_exception: Table 'carbazar.cars' doesn't exist in D:\xmaap\htdocs\carbazar\index.php:8
Stack trace:
#0 D:\xmaap\htdocs\carbazar\index.php(8): mysqli->query('\r\n    SELECT c....')
#1 {main}
  thrown in D:\xmaap\htdocs\carbazar\index.php on line 8
[29-Apr-2026 19:09:11 Europe/Berlin] PHP Fatal error:  Uncaught mysqli_sql_exception: Table 'carbazar.cars' doesn't exist in D:\xmaap\htdocs\carbazar\index.php:8
Stack trace:
#0 D:\xmaap\htdocs\carbazar\index.php(8): mysqli->query('\r\n    SELECT c....')
#1 {main}
  thrown in D:\xmaap\htdocs\carbazar\index.php on line 8
[29-Apr-2026 19:09:12 Europe/Berlin] PHP Fatal error:  Uncaught mysqli_sql_exception: Table 'carbazar.cars' doesn't exist in D:\xmaap\htdocs\carbazar\index.php:8
Stack trace:
#0 D:\xmaap\htdocs\carbazar\index.php(8): mysqli->query('\r\n    SELECT c....')
#1 {main}
  thrown in D:\xmaap\htdocs\carbazar\index.php on line 8
[29-Apr-2026 19:09:12 Europe/Berlin] PHP Fatal error:  Uncaught mysqli_sql_exception: Table 'carbazar.cars' doesn't exist in D:\xmaap\htdocs\carbazar\index.php:8
Stack trace:
#0 D:\xmaap\htdocs\carbazar\index.php(8): mysqli->query('\r\n    SELECT c....')
#1 {main}
  thrown in D:\xmaap\htdocs\carbazar\index.php on line 8
[29-Apr-2026 19:09:12 Europe/Berlin] PHP Fatal error:  Uncaught mysqli_sql_exception: Table 'carbazar.cars' doesn't exist in D:\xmaap\htdocs\carbazar\index.php:8
Stack trace:
#0 D:\xmaap\htdocs\carbazar\index.php(8): mysqli->query('\r\n    SELECT c....')
#1 {main}
  thrown in D:\xmaap\htdocs\carbazar\index.php on line 8
[29-Apr-2026 19:09:13 Europe/Berlin] PHP Fatal error:  Uncaught mysqli_sql_exception: Table 'carbazar.cars' doesn't exist in D:\xmaap\htdocs\carbazar\index.php:8
Stack trace:
#0 D:\xmaap\htdocs\carbazar\index.php(8): mysqli->query('\r\n    SELECT c....')
#1 {main}
  thrown in D:\xmaap\htdocs\carbazar\index.php on line 8
[29-Apr-2026 19:09:13 Europe/Berlin] PHP Fatal error:  Uncaught mysqli_sql_exception: Table 'carbazar.cars' doesn't exist in D:\xmaap\htdocs\carbazar\index.php:8
Stack trace:
#0 D:\xmaap\htdocs\carbazar\index.php(8): mysqli->query('\r\n    SELECT c....')
#1 {main}
  thrown in D:\xmaap\htdocs\carbazar\index.php on line 8
[29-Apr-2026 19:09:13 Europe/Berlin] PHP Fatal error:  Uncaught mysqli_sql_exception: Table 'carbazar.cars' doesn't exist in D:\xmaap\htdocs\carbazar\index.php:8
Stack trace:
#0 D:\xmaap\htdocs\carbazar\index.php(8): mysqli->query('\r\n    SELECT c....')
#1 {main}
  thrown in D:\xmaap\htdocs\carbazar\index.php on line 8
[29-Apr-2026 19:09:13 Europe/Berlin] PHP Fatal error:  Uncaught mysqli_sql_exception: Table 'carbazar.cars' doesn't exist in D:\xmaap\htdocs\carbazar\index.php:8
Stack trace:
#0 D:\xmaap\htdocs\carbazar\index.php(8): mysqli->query('\r\n    SELECT c....')
#1 {main}
  thrown in D:\xmaap\htdocs\carbazar\index.php on line 8
[29-Apr-2026 19:09:35 Europe/Berlin] PHP Fatal error:  Uncaught mysqli_sql_exception: Table 'carbazar.cars' doesn't exist in D:\xmaap\htdocs\carbazar\index.php:8
Stack trace:
#0 D:\xmaap\htdocs\carbazar\index.php(8): mysqli->query('\r\n    SELECT c....')
#1 {main}
  thrown in D:\xmaap\htdocs\carbazar\index.php on line 8
[29-Apr-2026 19:09:36 Europe/Berlin] PHP Fatal error:  Uncaught mysqli_sql_exception: Table 'carbazar.cars' doesn't exist in D:\xmaap\htdocs\carbazar\index.php:8
Stack trace:
#0 D:\xmaap\htdocs\carbazar\index.php(8): mysqli->query('\r\n    SELECT c....')
#1 {main}
  thrown in D:\xmaap\htdocs\carbazar\index.php on line 8
[29-Apr-2026 19:12:35 Europe/Berlin] PHP Fatal error:  Uncaught mysqli_sql_exception: Table 'carbazar.cars' doesn't exist in D:\xmaap\htdocs\carbazar\index.php:8
Stack trace:
#0 D:\xmaap\htdocs\carbazar\index.php(8): mysqli->query('\r\n    SELECT c....')
#1 {main}
  thrown in D:\xmaap\htdocs\carbazar\index.php on line 8
[29-Apr-2026 19:12:36 Europe/Berlin] PHP Fatal error:  Uncaught mysqli_sql_exception: Table 'carbazar.cars' doesn't exist in D:\xmaap\htdocs\carbazar\index.php:8
Stack trace:
#0 D:\xmaap\htdocs\carbazar\index.php(8): mysqli->query('\r\n    SELECT c....')
#1 {main}
  thrown in D:\xmaap\htdocs\carbazar\index.php on line 8
[29-Apr-2026 19:12:42 Europe/Berlin] PHP Fatal error:  Uncaught mysqli_sql_exception: Table 'carbazar.cars' doesn't exist in D:\xmaap\htdocs\carbazar\index.php:8
Stack trace:
#0 D:\xmaap\htdocs\carbazar\index.php(8): mysqli->query('\r\n    SELECT c....')
#1 {main}
  thrown in D:\xmaap\htdocs\carbazar\index.php on line 8
[29-Apr-2026 19:12:43 Europe/Berlin] PHP Fatal error:  Uncaught mysqli_sql_exception: Table 'carbazar.cars' doesn't exist in D:\xmaap\htdocs\carbazar\index.php:8
Stack trace:
#0 D:\xmaap\htdocs\carbazar\index.php(8): mysqli->query('\r\n    SELECT c....')
#1 {main}
  thrown in D:\xmaap\htdocs\carbazar\index.php on line 8
[29-Apr-2026 19:13:07 Europe/Berlin] PHP Fatal error:  Uncaught mysqli_sql_exception: Table 'carbazar.cars' doesn't exist in D:\xmaap\htdocs\carbazar\index.php:8
Stack trace:
#0 D:\xmaap\htdocs\carbazar\index.php(8): mysqli->query('\r\n    SELECT c....')
#1 {main}
  thrown in D:\xmaap\htdocs\carbazar\index.php on line 8
[29-Apr-2026 19:13:08 Europe/Berlin] PHP Fatal error:  Uncaught mysqli_sql_exception: Table 'carbazar.cars' doesn't exist in D:\xmaap\htdocs\carbazar\index.php:8
Stack trace:
#0 D:\xmaap\htdocs\carbazar\index.php(8): mysqli->query('\r\n    SELECT c....')
#1 {main}
  thrown in D:\xmaap\htdocs\carbazar\index.php on line 8
[29-Apr-2026 19:13:10 Europe/Berlin] PHP Fatal error:  Uncaught mysqli_sql_exception: Table 'carbazar.cars' doesn't exist in D:\xmaap\htdocs\carbazar\index.php:8
Stack trace:
#0 D:\xmaap\htdocs\carbazar\index.php(8): mysqli->query('\r\n    SELECT c....')
#1 {main}
  thrown in D:\xmaap\htdocs\carbazar\index.php on line 8
[29-Apr-2026 19:13:10 Europe/Berlin] PHP Fatal error:  Uncaught mysqli_sql_exception: Table 'carbazar.cars' doesn't exist in D:\xmaap\htdocs\carbazar\index.php:8
Stack trace:
#0 D:\xmaap\htdocs\carbazar\index.php(8): mysqli->query('\r\n    SELECT c....')
#1 {main}
  thrown in D:\xmaap\htdocs\carbazar\index.php on line 8
[29-Apr-2026 19:13:28 Europe/Berlin] PHP Fatal error:  Uncaught mysqli_sql_exception: Table 'carbazar.cars' doesn't exist in D:\xmaap\htdocs\carbazar\index.php:8
Stack trace:
#0 D:\xmaap\htdocs\carbazar\index.php(8): mysqli->query('\r\n    SELECT c....')
#1 {main}
  thrown in D:\xmaap\htdocs\carbazar\index.php on line 8
[29-Apr-2026 19:13:31 Europe/Berlin] PHP Fatal error:  Uncaught mysqli_sql_exception: Table 'carbazar.cars' doesn't exist in D:\xmaap\htdocs\carbazar\index.php:8
Stack trace:
#0 D:\xmaap\htdocs\carbazar\index.php(8): mysqli->query('\r\n    SELECT c....')
#1 {main}
  thrown in D:\xmaap\htdocs\carbazar\index.php on line 8
[29-Apr-2026 19:13:31 Europe/Berlin] PHP Fatal error:  Uncaught mysqli_sql_exception: Table 'carbazar.cars' doesn't exist in D:\xmaap\htdocs\carbazar\index.php:8
Stack trace:
#0 D:\xmaap\htdocs\carbazar\index.php(8): mysqli->query('\r\n    SELECT c....')
#1 {main}
  thrown in D:\xmaap\htdocs\carbazar\index.php on line 8
[29-Apr-2026 19:13:31 Europe/Berlin] PHP Fatal error:  Uncaught mysqli_sql_exception: Table 'carbazar.cars' doesn't exist in D:\xmaap\htdocs\carbazar\index.php:8
Stack trace:
#0 D:\xmaap\htdocs\carbazar\index.php(8): mysqli->query('\r\n    SELECT c....')
#1 {main}
  thrown in D:\xmaap\htdocs\carbazar\index.php on line 8
[29-Apr-2026 19:13:32 Europe/Berlin] PHP Fatal error:  Uncaught mysqli_sql_exception: Table 'carbazar.cars' doesn't exist in D:\xmaap\htdocs\carbazar\index.php:8
Stack trace:
#0 D:\xmaap\htdocs\carbazar\index.php(8): mysqli->query('\r\n    SELECT c....')
#1 {main}
  thrown in D:\xmaap\htdocs\carbazar\index.php on line 8
[29-Apr-2026 19:13:32 Europe/Berlin] PHP Fatal error:  Uncaught mysqli_sql_exception: Table 'carbazar.cars' doesn't exist in D:\xmaap\htdocs\carbazar\index.php:8
Stack trace:
#0 D:\xmaap\htdocs\carbazar\index.php(8): mysqli->query('\r\n    SELECT c....')
#1 {main}
  thrown in D:\xmaap\htdocs\carbazar\index.php on line 8
[29-Apr-2026 19:13:32 Europe/Berlin] PHP Fatal error:  Uncaught mysqli_sql_exception: Table 'carbazar.cars' doesn't exist in D:\xmaap\htdocs\carbazar\index.php:8
Stack trace:
#0 D:\xmaap\htdocs\carbazar\index.php(8): mysqli->query('\r\n    SELECT c....')
#1 {main}
  thrown in D:\xmaap\htdocs\carbazar\index.php on line 8
[29-Apr-2026 19:14:17 Europe/Berlin] PHP Fatal error:  Uncaught mysqli_sql_exception: Table 'carbazar.cars' doesn't exist in D:\xmaap\htdocs\carbazar\index.php:8
Stack trace:
#0 D:\xmaap\htdocs\carbazar\index.php(8): mysqli->query('\r\n    SELECT c....')
#1 {main}
  thrown in D:\xmaap\htdocs\carbazar\index.php on line 8
[29-Apr-2026 19:14:18 Europe/Berlin] PHP Fatal error:  Uncaught mysqli_sql_exception: Table 'carbazar.cars' doesn't exist in D:\xmaap\htdocs\carbazar\index.php:8
Stack trace:
#0 D:\xmaap\htdocs\carbazar\index.php(8): mysqli->query('\r\n    SELECT c....')
#1 {main}
  thrown in D:\xmaap\htdocs\carbazar\index.php on line 8
[29-Apr-2026 19:14:18 Europe/Berlin] PHP Fatal error:  Uncaught mysqli_sql_exception: Table 'carbazar.cars' doesn't exist in D:\xmaap\htdocs\carbazar\index.php:8
Stack trace:
#0 D:\xmaap\htdocs\carbazar\index.php(8): mysqli->query('\r\n    SELECT c....')
#1 {main}
  thrown in D:\xmaap\htdocs\carbazar\index.php on line 8
[29-Apr-2026 19:14:18 Europe/Berlin] PHP Fatal error:  Uncaught mysqli_sql_exception: Table 'carbazar.cars' doesn't exist in D:\xmaap\htdocs\carbazar\index.php:8
Stack trace:
#0 D:\xmaap\htdocs\carbazar\index.php(8): mysqli->query('\r\n    SELECT c....')
#1 {main}
  thrown in D:\xmaap\htdocs\carbazar\index.php on line 8
[29-Apr-2026 19:14:18 Europe/Berlin] PHP Fatal error:  Uncaught mysqli_sql_exception: Table 'carbazar.cars' doesn't exist in D:\xmaap\htdocs\carbazar\index.php:8
Stack trace:
#0 D:\xmaap\htdocs\carbazar\index.php(8): mysqli->query('\r\n    SELECT c....')
#1 {main}
  thrown in D:\xmaap\htdocs\carbazar\index.php on line 8
[29-Apr-2026 19:17:57 Europe/Berlin] PHP Fatal error:  Uncaught mysqli_sql_exception: Table 'carbazar.cars' doesn't exist in D:\xmaap\htdocs\carbazar\index.php:5
Stack trace:
#0 D:\xmaap\htdocs\carbazar\index.php(5): mysqli->query('\r\n    SELECT c....')
#1 {main}
  thrown in D:\xmaap\htdocs\carbazar\index.php on line 5
[29-Apr-2026 19:17:59 Europe/Berlin] PHP Fatal error:  Uncaught mysqli_sql_exception: Table 'carbazar.cars' doesn't exist in D:\xmaap\htdocs\carbazar\index.php:5
Stack trace:
#0 D:\xmaap\htdocs\carbazar\index.php(5): mysqli->query('\r\n    SELECT c....')
#1 {main}
  thrown in D:\xmaap\htdocs\carbazar\index.php on line 5
[29-Apr-2026 19:18:00 Europe/Berlin] PHP Fatal error:  Uncaught mysqli_sql_exception: Table 'carbazar.cars' doesn't exist in D:\xmaap\htdocs\carbazar\index.php:5
Stack trace:
#0 D:\xmaap\htdocs\carbazar\index.php(5): mysqli->query('\r\n    SELECT c....')
#1 {main}
  thrown in D:\xmaap\htdocs\carbazar\index.php on line 5
[29-Apr-2026 19:18:00 Europe/Berlin] PHP Fatal error:  Uncaught mysqli_sql_exception: Table 'carbazar.cars' doesn't exist in D:\xmaap\htdocs\carbazar\index.php:5
Stack trace:
#0 D:\xmaap\htdocs\carbazar\index.php(5): mysqli->query('\r\n    SELECT c....')
#1 {main}
  thrown in D:\xmaap\htdocs\carbazar\index.php on line 5
[29-Apr-2026 19:18:00 Europe/Berlin] PHP Fatal error:  Uncaught mysqli_sql_exception: Table 'carbazar.cars' doesn't exist in D:\xmaap\htdocs\carbazar\index.php:5
Stack trace:
#0 D:\xmaap\htdocs\carbazar\index.php(5): mysqli->query('\r\n    SELECT c....')
#1 {main}
  thrown in D:\xmaap\htdocs\carbazar\index.php on line 5
[29-Apr-2026 19:18:00 Europe/Berlin] PHP Fatal error:  Uncaught mysqli_sql_exception: Table 'carbazar.cars' doesn't exist in D:\xmaap\htdocs\carbazar\index.php:5
Stack trace:
#0 D:\xmaap\htdocs\carbazar\index.php(5): mysqli->query('\r\n    SELECT c....')
#1 {main}
  thrown in D:\xmaap\htdocs\carbazar\index.php on line 5
[29-Apr-2026 19:18:00 Europe/Berlin] PHP Fatal error:  Uncaught mysqli_sql_exception: Table 'carbazar.cars' doesn't exist in D:\xmaap\htdocs\carbazar\index.php:5
Stack trace:
#0 D:\xmaap\htdocs\carbazar\index.php(5): mysqli->query('\r\n    SELECT c....')
#1 {main}
  thrown in D:\xmaap\htdocs\carbazar\index.php on line 5
[29-Apr-2026 19:18:01 Europe/Berlin] PHP Fatal error:  Uncaught mysqli_sql_exception: Table 'carbazar.cars' doesn't exist in D:\xmaap\htdocs\carbazar\index.php:5
Stack trace:
#0 D:\xmaap\htdocs\carbazar\index.php(5): mysqli->query('\r\n    SELECT c....')
#1 {main}
  thrown in D:\xmaap\htdocs\carbazar\index.php on line 5
[29-Apr-2026 19:18:01 Europe/Berlin] PHP Fatal error:  Uncaught mysqli_sql_exception: Table 'carbazar.cars' doesn't exist in D:\xmaap\htdocs\carbazar\index.php:5
Stack trace:
#0 D:\xmaap\htdocs\carbazar\index.php(5): mysqli->query('\r\n    SELECT c....')
#1 {main}
  thrown in D:\xmaap\htdocs\carbazar\index.php on line 5
[29-Apr-2026 19:18:01 Europe/Berlin] PHP Fatal error:  Uncaught mysqli_sql_exception: Table 'carbazar.cars' doesn't exist in D:\xmaap\htdocs\carbazar\index.php:5
Stack trace:
#0 D:\xmaap\htdocs\carbazar\index.php(5): mysqli->query('\r\n    SELECT c....')
#1 {main}
  thrown in D:\xmaap\htdocs\carbazar\index.php on line 5
[29-Apr-2026 19:18:01 Europe/Berlin] PHP Fatal error:  Uncaught mysqli_sql_exception: Table 'carbazar.cars' doesn't exist in D:\xmaap\htdocs\carbazar\index.php:5
Stack trace:
#0 D:\xmaap\htdocs\carbazar\index.php(5): mysqli->query('\r\n    SELECT c....')
#1 {main}
  thrown in D:\xmaap\htdocs\carbazar\index.php on line 5
[29-Apr-2026 19:18:02 Europe/Berlin] PHP Fatal error:  Uncaught mysqli_sql_exception: Table 'carbazar.cars' doesn't exist in D:\xmaap\htdocs\carbazar\index.php:5
Stack trace:
#0 D:\xmaap\htdocs\carbazar\index.php(5): mysqli->query('\r\n    SELECT c....')
#1 {main}
  thrown in D:\xmaap\htdocs\carbazar\index.php on line 5
[29-Apr-2026 19:18:02 Europe/Berlin] PHP Fatal error:  Uncaught mysqli_sql_exception: Table 'carbazar.cars' doesn't exist in D:\xmaap\htdocs\carbazar\index.php:5
Stack trace:
#0 D:\xmaap\htdocs\carbazar\index.php(5): mysqli->query('\r\n    SELECT c....')
#1 {main}
  thrown in D:\xmaap\htdocs\carbazar\index.php on line 5
[29-Apr-2026 19:18:02 Europe/Berlin] PHP Fatal error:  Uncaught mysqli_sql_exception: Table 'carbazar.cars' doesn't exist in D:\xmaap\htdocs\carbazar\index.php:5
Stack trace:
#0 D:\xmaap\htdocs\carbazar\index.php(5): mysqli->query('\r\n    SELECT c....')
#1 {main}
  thrown in D:\xmaap\htdocs\carbazar\index.php on line 5
[29-Apr-2026 19:18:02 Europe/Berlin] PHP Fatal error:  Uncaught mysqli_sql_exception: Table 'carbazar.cars' doesn't exist in D:\xmaap\htdocs\carbazar\index.php:5
Stack trace:
#0 D:\xmaap\htdocs\carbazar\index.php(5): mysqli->query('\r\n    SELECT c....')
#1 {main}
  thrown in D:\xmaap\htdocs\carbazar\index.php on line 5
[29-Apr-2026 19:18:02 Europe/Berlin] PHP Fatal error:  Uncaught mysqli_sql_exception: Table 'carbazar.cars' doesn't exist in D:\xmaap\htdocs\carbazar\index.php:5
Stack trace:
#0 D:\xmaap\htdocs\carbazar\index.php(5): mysqli->query('\r\n    SELECT c....')
#1 {main}
  thrown in D:\xmaap\htdocs\carbazar\index.php on line 5
[29-Apr-2026 19:18:03 Europe/Berlin] PHP Fatal error:  Uncaught mysqli_sql_exception: Table 'carbazar.cars' doesn't exist in D:\xmaap\htdocs\carbazar\index.php:5
Stack trace:
#0 D:\xmaap\htdocs\carbazar\index.php(5): mysqli->query('\r\n    SELECT c....')
#1 {main}
  thrown in D:\xmaap\htdocs\carbazar\index.php on line 5
[29-Apr-2026 19:18:03 Europe/Berlin] PHP Fatal error:  Uncaught mysqli_sql_exception: Table 'carbazar.cars' doesn't exist in D:\xmaap\htdocs\carbazar\index.php:5
Stack trace:
#0 D:\xmaap\htdocs\carbazar\index.php(5): mysqli->query('\r\n    SELECT c....')
#1 {main}
  thrown in D:\xmaap\htdocs\carbazar\index.php on line 5
[29-Apr-2026 19:18:03 Europe/Berlin] PHP Fatal error:  Uncaught mysqli_sql_exception: Table 'carbazar.cars' doesn't exist in D:\xmaap\htdocs\carbazar\index.php:5
Stack trace:
#0 D:\xmaap\htdocs\carbazar\index.php(5): mysqli->query('\r\n    SELECT c....')
#1 {main}
  thrown in D:\xmaap\htdocs\carbazar\index.php on line 5
[29-Apr-2026 19:18:03 Europe/Berlin] PHP Fatal error:  Uncaught mysqli_sql_exception: Table 'carbazar.cars' doesn't exist in D:\xmaap\htdocs\carbazar\index.php:5
Stack trace:
#0 D:\xmaap\htdocs\carbazar\index.php(5): mysqli->query('\r\n    SELECT c....')
#1 {main}
  thrown in D:\xmaap\htdocs\carbazar\index.php on line 5
[29-Apr-2026 19:18:04 Europe/Berlin] PHP Fatal error:  Uncaught mysqli_sql_exception: Table 'carbazar.cars' doesn't exist in D:\xmaap\htdocs\carbazar\index.php:5
Stack trace:
#0 D:\xmaap\htdocs\carbazar\index.php(5): mysqli->query('\r\n    SELECT c....')
#1 {main}
  thrown in D:\xmaap\htdocs\carbazar\index.php on line 5
[29-Apr-2026 19:18:05 Europe/Berlin] PHP Fatal error:  Uncaught mysqli_sql_exception: Table 'carbazar.cars' doesn't exist in D:\xmaap\htdocs\carbazar\index.php:5
Stack trace:
#0 D:\xmaap\htdocs\carbazar\index.php(5): mysqli->query('\r\n    SELECT c....')
#1 {main}
  thrown in D:\xmaap\htdocs\carbazar\index.php on line 5
[29-Apr-2026 19:18:05 Europe/Berlin] PHP Fatal error:  Uncaught mysqli_sql_exception: Table 'carbazar.cars' doesn't exist in D:\xmaap\htdocs\carbazar\index.php:5
Stack trace:
#0 D:\xmaap\htdocs\carbazar\index.php(5): mysqli->query('\r\n    SELECT c....')
#1 {main}
  thrown in D:\xmaap\htdocs\carbazar\index.php on line 5
[29-Apr-2026 19:18:05 Europe/Berlin] PHP Fatal error:  Uncaught mysqli_sql_exception: Table 'carbazar.cars' doesn't exist in D:\xmaap\htdocs\carbazar\index.php:5
Stack trace:
#0 D:\xmaap\htdocs\carbazar\index.php(5): mysqli->query('\r\n    SELECT c....')
#1 {main}
  thrown in D:\xmaap\htdocs\carbazar\index.php on line 5
[29-Apr-2026 19:18:06 Europe/Berlin] PHP Fatal error:  Uncaught mysqli_sql_exception: Table 'carbazar.cars' doesn't exist in D:\xmaap\htdocs\carbazar\index.php:5
Stack trace:
#0 D:\xmaap\htdocs\carbazar\index.php(5): mysqli->query('\r\n    SELECT c....')
#1 {main}
  thrown in D:\xmaap\htdocs\carbazar\index.php on line 5
[29-Apr-2026 19:18:06 Europe/Berlin] PHP Fatal error:  Uncaught mysqli_sql_exception: Table 'carbazar.cars' doesn't exist in D:\xmaap\htdocs\carbazar\index.php:5
Stack trace:
#0 D:\xmaap\htdocs\carbazar\index.php(5): mysqli->query('\r\n    SELECT c....')
#1 {main}
  thrown in D:\xmaap\htdocs\carbazar\index.php on line 5
[29-Apr-2026 19:18:30 Europe/Berlin] PHP Fatal error:  Uncaught mysqli_sql_exception: Table 'carbazar.cars' doesn't exist in D:\xmaap\htdocs\carbazar\index.php:5
Stack trace:
#0 D:\xmaap\htdocs\carbazar\index.php(5): mysqli->query('\r\n    SELECT c....')
#1 {main}
  thrown in D:\xmaap\htdocs\carbazar\index.php on line 5
[29-Apr-2026 19:18:31 Europe/Berlin] PHP Fatal error:  Uncaught mysqli_sql_exception: Table 'carbazar.cars' doesn't exist in D:\xmaap\htdocs\carbazar\index.php:5
Stack trace:
#0 D:\xmaap\htdocs\carbazar\index.php(5): mysqli->query('\r\n    SELECT c....')
#1 {main}
  thrown in D:\xmaap\htdocs\carbazar\index.php on line 5
[29-Apr-2026 19:18:31 Europe/Berlin] PHP Fatal error:  Uncaught mysqli_sql_exception: Table 'carbazar.cars' doesn't exist in D:\xmaap\htdocs\carbazar\index.php:5
Stack trace:
#0 D:\xmaap\htdocs\carbazar\index.php(5): mysqli->query('\r\n    SELECT c....')
#1 {main}
  thrown in D:\xmaap\htdocs\carbazar\index.php on line 5
[29-Apr-2026 19:18:31 Europe/Berlin] PHP Fatal error:  Uncaught mysqli_sql_exception: Table 'carbazar.cars' doesn't exist in D:\xmaap\htdocs\carbazar\index.php:5
Stack trace:
#0 D:\xmaap\htdocs\carbazar\index.php(5): mysqli->query('\r\n    SELECT c....')
#1 {main}
  thrown in D:\xmaap\htdocs\carbazar\index.php on line 5
[29-Apr-2026 19:18:31 Europe/Berlin] PHP Fatal error:  Uncaught mysqli_sql_exception: Table 'carbazar.cars' doesn't exist in D:\xmaap\htdocs\carbazar\index.php:5
Stack trace:
#0 D:\xmaap\htdocs\carbazar\index.php(5): mysqli->query('\r\n    SELECT c....')
#1 {main}
  thrown in D:\xmaap\htdocs\carbazar\index.php on line 5
[29-Apr-2026 19:18:32 Europe/Berlin] PHP Fatal error:  Uncaught mysqli_sql_exception: Table 'carbazar.cars' doesn't exist in D:\xmaap\htdocs\carbazar\index.php:5
Stack trace:
#0 D:\xmaap\htdocs\carbazar\index.php(5): mysqli->query('\r\n    SELECT c....')
#1 {main}
  thrown in D:\xmaap\htdocs\carbazar\index.php on line 5
[29-Apr-2026 19:18:32 Europe/Berlin] PHP Fatal error:  Uncaught mysqli_sql_exception: Table 'carbazar.cars' doesn't exist in D:\xmaap\htdocs\carbazar\index.php:5
Stack trace:
#0 D:\xmaap\htdocs\carbazar\index.php(5): mysqli->query('\r\n    SELECT c....')
#1 {main}
  thrown in D:\xmaap\htdocs\carbazar\index.php on line 5
[29-Apr-2026 19:18:32 Europe/Berlin] PHP Fatal error:  Uncaught mysqli_sql_exception: Table 'carbazar.cars' doesn't exist in D:\xmaap\htdocs\carbazar\index.php:5
Stack trace:
#0 D:\xmaap\htdocs\carbazar\index.php(5): mysqli->query('\r\n    SELECT c....')
#1 {main}
  thrown in D:\xmaap\htdocs\carbazar\index.php on line 5
[29-Apr-2026 19:18:32 Europe/Berlin] PHP Fatal error:  Uncaught mysqli_sql_exception: Table 'carbazar.cars' doesn't exist in D:\xmaap\htdocs\carbazar\index.php:5
Stack trace:
#0 D:\xmaap\htdocs\carbazar\index.php(5): mysqli->query('\r\n    SELECT c....')
#1 {main}
  thrown in D:\xmaap\htdocs\carbazar\index.php on line 5
[29-Apr-2026 19:18:32 Europe/Berlin] PHP Fatal error:  Uncaught mysqli_sql_exception: Table 'carbazar.cars' doesn't exist in D:\xmaap\htdocs\carbazar\index.php:5
Stack trace:
#0 D:\xmaap\htdocs\carbazar\index.php(5): mysqli->query('\r\n    SELECT c....')
#1 {main}
  thrown in D:\xmaap\htdocs\carbazar\index.php on line 5
[29-Apr-2026 19:18:33 Europe/Berlin] PHP Fatal error:  Uncaught mysqli_sql_exception: Table 'carbazar.cars' doesn't exist in D:\xmaap\htdocs\carbazar\index.php:5
Stack trace:
#0 D:\xmaap\htdocs\carbazar\index.php(5): mysqli->query('\r\n    SELECT c....')
#1 {main}
  thrown in D:\xmaap\htdocs\carbazar\index.php on line 5
[29-Apr-2026 19:18:33 Europe/Berlin] PHP Fatal error:  Uncaught mysqli_sql_exception: Table 'carbazar.cars' doesn't exist in D:\xmaap\htdocs\carbazar\index.php:5
Stack trace:
#0 D:\xmaap\htdocs\carbazar\index.php(5): mysqli->query('\r\n    SELECT c....')
#1 {main}
  thrown in D:\xmaap\htdocs\carbazar\index.php on line 5
[29-Apr-2026 19:18:34 Europe/Berlin] PHP Fatal error:  Uncaught mysqli_sql_exception: Table 'carbazar.cars' doesn't exist in D:\xmaap\htdocs\carbazar\index.php:5
Stack trace:
#0 D:\xmaap\htdocs\carbazar\index.php(5): mysqli->query('\r\n    SELECT c....')
#1 {main}
  thrown in D:\xmaap\htdocs\carbazar\index.php on line 5
[29-Apr-2026 19:18:34 Europe/Berlin] PHP Fatal error:  Uncaught mysqli_sql_exception: Table 'carbazar.cars' doesn't exist in D:\xmaap\htdocs\carbazar\index.php:5
Stack trace:
#0 D:\xmaap\htdocs\carbazar\index.php(5): mysqli->query('\r\n    SELECT c....')
#1 {main}
  thrown in D:\xmaap\htdocs\carbazar\index.php on line 5
[29-Apr-2026 19:18:34 Europe/Berlin] PHP Fatal error:  Uncaught mysqli_sql_exception: Table 'carbazar.cars' doesn't exist in D:\xmaap\htdocs\carbazar\index.php:5
Stack trace:
#0 D:\xmaap\htdocs\carbazar\index.php(5): mysqli->query('\r\n    SELECT c....')
#1 {main}
  thrown in D:\xmaap\htdocs\carbazar\index.php on line 5
[29-Apr-2026 19:18:34 Europe/Berlin] PHP Fatal error:  Uncaught mysqli_sql_exception: Table 'carbazar.cars' doesn't exist in D:\xmaap\htdocs\carbazar\index.php:5
Stack trace:
#0 D:\xmaap\htdocs\carbazar\index.php(5): mysqli->query('\r\n    SELECT c....')
#1 {main}
  thrown in D:\xmaap\htdocs\carbazar\index.php on line 5
[29-Apr-2026 19:18:35 Europe/Berlin] PHP Fatal error:  Uncaught mysqli_sql_exception: Table 'carbazar.cars' doesn't exist in D:\xmaap\htdocs\carbazar\index.php:5
Stack trace:
#0 D:\xmaap\htdocs\carbazar\index.php(5): mysqli->query('\r\n    SELECT c....')
#1 {main}
  thrown in D:\xmaap\htdocs\carbazar\index.php on line 5
[29-Apr-2026 19:18:35 Europe/Berlin] PHP Fatal error:  Uncaught mysqli_sql_exception: Table 'carbazar.cars' doesn't exist in D:\xmaap\htdocs\carbazar\index.php:5
Stack trace:
#0 D:\xmaap\htdocs\carbazar\index.php(5): mysqli->query('\r\n    SELECT c....')
#1 {main}
  thrown in D:\xmaap\htdocs\carbazar\index.php on line 5
[29-Apr-2026 19:18:35 Europe/Berlin] PHP Fatal error:  Uncaught mysqli_sql_exception: Table 'carbazar.cars' doesn't exist in D:\xmaap\htdocs\carbazar\index.php:5
Stack trace:
#0 D:\xmaap\htdocs\carbazar\index.php(5): mysqli->query('\r\n    SELECT c....')
#1 {main}
  thrown in D:\xmaap\htdocs\carbazar\index.php on line 5
[29-Apr-2026 19:18:35 Europe/Berlin] PHP Fatal error:  Uncaught mysqli_sql_exception: Table 'carbazar.cars' doesn't exist in D:\xmaap\htdocs\carbazar\index.php:5
Stack trace:
#0 D:\xmaap\htdocs\carbazar\index.php(5): mysqli->query('\r\n    SELECT c....')
#1 {main}
  thrown in D:\xmaap\htdocs\carbazar\index.php on line 5
[29-Apr-2026 19:18:35 Europe/Berlin] PHP Fatal error:  Uncaught mysqli_sql_exception: Table 'carbazar.cars' doesn't exist in D:\xmaap\htdocs\carbazar\index.php:5
Stack trace:
#0 D:\xmaap\htdocs\carbazar\index.php(5): mysqli->query('\r\n    SELECT c....')
#1 {main}
  thrown in D:\xmaap\htdocs\carbazar\index.php on line 5
[29-Apr-2026 19:24:05 Europe/Berlin] PHP Fatal error:  Uncaught mysqli_sql_exception: Table 'carbazar.cars' doesn't exist in D:\xmaap\htdocs\carbazar\index.php:8
Stack trace:
#0 D:\xmaap\htdocs\carbazar\index.php(8): mysqli->query('\r\n    SELECT c....')
#1 {main}
  thrown in D:\xmaap\htdocs\carbazar\index.php on line 8
[29-Apr-2026 19:34:52 Europe/Berlin] PHP Fatal error:  Uncaught mysqli_sql_exception: Table 'carbazar.cars' doesn't exist in D:\xmaap\htdocs\carbazar\index.php:241
Stack trace:
#0 D:\xmaap\htdocs\carbazar\index.php(241): mysqli->query('SELECT id, titl...')
#1 {main}
  thrown in D:\xmaap\htdocs\carbazar\index.php on line 241
[29-Apr-2026 19:35:16 Europe/Berlin] PHP Fatal error:  Uncaught mysqli_sql_exception: Table 'carbazar.cars' doesn't exist in D:\xmaap\htdocs\carbazar\index.php:241
Stack trace:
#0 D:\xmaap\htdocs\carbazar\index.php(241): mysqli->query('SELECT id, titl...')
#1 {main}
  thrown in D:\xmaap\htdocs\carbazar\index.php on line 241
[29-Apr-2026 19:35:16 Europe/Berlin] PHP Fatal error:  Uncaught mysqli_sql_exception: Table 'carbazar.cars' doesn't exist in D:\xmaap\htdocs\carbazar\index.php:241
Stack trace:
#0 D:\xmaap\htdocs\carbazar\index.php(241): mysqli->query('SELECT id, titl...')
#1 {main}
  thrown in D:\xmaap\htdocs\carbazar\index.php on line 241
[29-Apr-2026 19:35:16 Europe/Berlin] PHP Fatal error:  Uncaught mysqli_sql_exception: Table 'carbazar.cars' doesn't exist in D:\xmaap\htdocs\carbazar\index.php:241
Stack trace:
#0 D:\xmaap\htdocs\carbazar\index.php(241): mysqli->query('SELECT id, titl...')
#1 {main}
  thrown in D:\xmaap\htdocs\carbazar\index.php on line 241
[29-Apr-2026 19:35:17 Europe/Berlin] PHP Fatal error:  Uncaught mysqli_sql_exception: Table 'carbazar.cars' doesn't exist in D:\xmaap\htdocs\carbazar\index.php:241
Stack trace:
#0 D:\xmaap\htdocs\carbazar\index.php(241): mysqli->query('SELECT id, titl...')
#1 {main}
  thrown in D:\xmaap\htdocs\carbazar\index.php on line 241
[29-Apr-2026 19:53:48 Europe/Berlin] PHP Fatal error:  Uncaught mysqli_sql_exception: Table 'carbazar.cars' doesn't exist in D:\xmaap\htdocs\carbazar\index.php:6
Stack trace:
#0 D:\xmaap\htdocs\carbazar\index.php(6): mysqli->query('\r\n    SELECT c....')
#1 {main}
  thrown in D:\xmaap\htdocs\carbazar\index.php on line 6
[29-Apr-2026 19:53:53 Europe/Berlin] PHP Fatal error:  Uncaught mysqli_sql_exception: Table 'carbazar.cars' doesn't exist in D:\xmaap\htdocs\carbazar\index.php:6
Stack trace:
#0 D:\xmaap\htdocs\carbazar\index.php(6): mysqli->query('\r\n    SELECT c....')
#1 {main}
  thrown in D:\xmaap\htdocs\carbazar\index.php on line 6
[29-Apr-2026 19:53:53 Europe/Berlin] PHP Fatal error:  Uncaught mysqli_sql_exception: Table 'carbazar.cars' doesn't exist in D:\xmaap\htdocs\carbazar\index.php:6
Stack trace:
#0 D:\xmaap\htdocs\carbazar\index.php(6): mysqli->query('\r\n    SELECT c....')
#1 {main}
  thrown in D:\xmaap\htdocs\carbazar\index.php on line 6
[29-Apr-2026 19:55:14 Europe/Berlin] PHP Fatal error:  Uncaught mysqli_sql_exception: Table 'carbazar.cars' doesn't exist in D:\xmaap\htdocs\carbazar\index.php:6
Stack trace:
#0 D:\xmaap\htdocs\carbazar\index.php(6): mysqli->query('\r\n    SELECT c....')
#1 {main}
  thrown in D:\xmaap\htdocs\carbazar\index.php on line 6
[29-Apr-2026 19:55:44 Europe/Berlin] PHP Fatal error:  Uncaught mysqli_sql_exception: Table 'carbazar.cars' doesn't exist in D:\xmaap\htdocs\carbazar\index.php:6
Stack trace:
#0 D:\xmaap\htdocs\carbazar\index.php(6): mysqli->query('\r\n    SELECT c....')
#1 {main}
  thrown in D:\xmaap\htdocs\carbazar\index.php on line 6
[29-Apr-2026 19:55:45 Europe/Berlin] PHP Fatal error:  Uncaught mysqli_sql_exception: Table 'carbazar.cars' doesn't exist in D:\xmaap\htdocs\carbazar\index.php:6
Stack trace:
#0 D:\xmaap\htdocs\carbazar\index.php(6): mysqli->query('\r\n    SELECT c....')
#1 {main}
  thrown in D:\xmaap\htdocs\carbazar\index.php on line 6
[29-Apr-2026 19:56:31 Europe/Berlin] PHP Fatal error:  Uncaught mysqli_sql_exception: Table 'carbazar.cars' doesn't exist in D:\xmaap\htdocs\carbazar\index.php:6
Stack trace:
#0 D:\xmaap\htdocs\carbazar\index.php(6): mysqli->query('\r\n    SELECT c....')
#1 {main}
  thrown in D:\xmaap\htdocs\carbazar\index.php on line 6
[29-Apr-2026 19:56:31 Europe/Berlin] PHP Fatal error:  Uncaught mysqli_sql_exception: Table 'carbazar.cars' doesn't exist in D:\xmaap\htdocs\carbazar\index.php:6
Stack trace:
#0 D:\xmaap\htdocs\carbazar\index.php(6): mysqli->query('\r\n    SELECT c....')
#1 {main}
  thrown in D:\xmaap\htdocs\carbazar\index.php on line 6
[01-May-2026 14:39:16 Europe/Berlin] PHP Fatal error:  Uncaught mysqli_sql_exception: Table 'carbazar.cars' doesn't exist in D:\xmaap\htdocs\carbazar\index.php:223
Stack trace:
#0 D:\xmaap\htdocs\carbazar\index.php(223): mysqli->query('SELECT * FROM c...')
#1 {main}
  thrown in D:\xmaap\htdocs\carbazar\index.php on line 223
[01-May-2026 14:39:17 Europe/Berlin] PHP Fatal error:  Uncaught mysqli_sql_exception: Table 'carbazar.cars' doesn't exist in D:\xmaap\htdocs\carbazar\index.php:223
Stack trace:
#0 D:\xmaap\htdocs\carbazar\index.php(223): mysqli->query('SELECT * FROM c...')
#1 {main}
  thrown in D:\xmaap\htdocs\carbazar\index.php on line 223
[21-May-2026 11:40:12 Europe/Berlin] PHP Fatal error:  Uncaught mysqli_sql_exception: Table 'carbazar.platform_settings' doesn't exist in D:\xmaap\htdocs\carbazar\backend\admin\transactions.php:5
Stack trace:
#0 D:\xmaap\htdocs\carbazar\backend\admin\transactions.php(5): mysqli->query('SELECT * FROM p...')
#1 {main}
  thrown in D:\xmaap\htdocs\carbazar\backend\admin\transactions.php on line 5
[21-May-2026 11:40:16 Europe/Berlin] PHP Fatal error:  Uncaught mysqli_sql_exception: Table 'carbazar.platform_settings' doesn't exist in D:\xmaap\htdocs\carbazar\backend\admin\transactions.php:5
Stack trace:
#0 D:\xmaap\htdocs\carbazar\backend\admin\transactions.php(5): mysqli->query('SELECT * FROM p...')
#1 {main}
  thrown in D:\xmaap\htdocs\carbazar\backend\admin\transactions.php on line 5
